[ 2020-08-28T21:32:44+08:00 ] ::1 /
INFO: [ app_init ] --START--
INFO: Run Behavior\BuildLiteBehavior [ RunTime:0.000015s ]
INFO: [ app_init ] --END-- [ RunTime:0.000365s ]
INFO: [ app_begin ] --START--
INFO: Run Behavior\ReadHtmlCacheBehavior [ RunTime:0.008249s ]
INFO: [ app_begin ] --END-- [ RunTime:0.008298s ]
ERR: 非法操作:index

[ 2020-08-28T21:33:19+08:00 ] ::1 /
INFO: [ app_init ] --START--
INFO: Run Behavior\BuildLiteBehavior [ RunTime:0.000022s ]
INFO: [ app_init ] --END-- [ RunTime:0.000453s ]
INFO: [ app_begin ] --START--
INFO: Run Behavior\ReadHtmlCacheBehavior [ RunTime:0.000649s ]
INFO: [ app_begin ] --END-- [ RunTime:0.000718s ]
ERR: 非法操作:index

[ 2020-08-28T23:54:04+08:00 ] ::1 /www.shop11.com/index.php/home/index/layer
INFO: [ app_init ] --START--
INFO: Run Behavior\BuildLiteBehavior [ RunTime:0.000013s ]
INFO: [ app_init ] --END-- [ RunTime:0.000456s ]
INFO: [ app_begin ] --START--
INFO: Run Behavior\ReadHtmlCacheBehavior [ RunTime:0.001069s ]
INFO: [ app_begin ] --END-- [ RunTime:0.001111s ]
INFO: [ view_parse ] --START--
INFO: [ template_filter ] --START--
INFO: Run Behavior\ContentReplaceBehavior [ RunTime:0.000073s ]
INFO: [ template_filter ] --END-- [ RunTime:0.000129s ]
INFO: Run Behavior\ParseTemplateBehavior [ RunTime:0.020484s ]
INFO: [ view_parse ] --END-- [ RunTime:0.020554s ]
INFO: [ view_filter ] --START--
INFO: Run Behavior\WriteHtmlCacheBehavior [ RunTime:0.001503s ]
INFO: [ view_filter ] --END-- [ RunTime:0.001550s ]
INFO: [ app_end ] --START--
INFO: Run Behavior\ShowPageTraceBehavior [ RunTime:0.001464s ]
INFO: [ app_end ] --END-- [ RunTime:0.001511s ]

[ 2020-08-28T23:54:04+08:00 ] ::1 /www.shop11.com/index.php/home/index/Public/Home/layer/css/bootstrap.min14ed.css?v=3.3.6
INFO: [ app_init ] --START--
INFO: Run Behavior\BuildLiteBehavior [ RunTime:0.000034s ]
INFO: [ app_init ] --END-- [ RunTime:0.001147s ]
INFO: [ app_begin ] --START--
INFO: Run Behavior\ReadHtmlCacheBehavior [ RunTime:0.002343s ]
INFO: [ app_begin ] --END-- [ RunTime:0.002470s ]
ERR: 非法操作:Public

[ 2020-08-28T23:54:04+08:00 ] ::1 /www.shop11.com/index.php/home/index/Public/Home/css/style.min862f.css?v=4.1.0
INFO: [ app_init ] --START--
INFO: Run Behavior\BuildLiteBehavior [ RunTime:0.000030s ]
INFO: [ app_init ] --END-- [ RunTime:0.000870s ]
INFO: [ app_begin ] --START--
INFO: Run Behavior\ReadHtmlCacheBehavior [ RunTime:0.001337s ]
INFO: [ app_begin ] --END-- [ RunTime:0.001436s ]
ERR: 非法操作:Public

[ 2020-08-28T23:54:04+08:00 ] ::1 /www.shop11.com/index.php/home/index/js/jquery.min.js?v=2.1.4
INFO: [ app_init ] --START--
INFO: Run Behavior\BuildLiteBehavior [ RunTime:0.000023s ]
INFO: [ app_init ] --END-- [ RunTime:0.000775s ]
INFO: [ app_begin ] --START--
INFO: Run Behavior\ReadHtmlCacheBehavior [ RunTime:0.001367s ]
INFO: [ app_begin ] --END-- [ RunTime:0.001467s ]
ERR: 非法操作:js

[ 2020-08-28T23:54:04+08:00 ] ::1 /www.shop11.com/index.php/home/index/js/bootstrap.min.js?v=3.3.6
INFO: [ app_init ] --START--
INFO: Run Behavior\BuildLiteBehavior [ RunTime:0.000037s ]
INFO: [ app_init ] --END-- [ RunTime:0.000808s ]
INFO: [ app_begin ] --START--
INFO: Run Behavior\ReadHtmlCacheBehavior [ RunTime:0.001191s ]
INFO: [ app_begin ] --END-- [ RunTime:0.001294s ]
ERR: 非法操作:js

[ 2020-08-28T23:54:04+08:00 ] ::1 /www.shop11.com/index.php/home/index/Public/Home/css/animate.min.css
INFO: [ app_init ] --START--
INFO: Run Behavior\BuildLiteBehavior [ RunTime:0.000028s ]
INFO: [ app_init ] --END-- [ RunTime:0.001059s ]
INFO: [ app_begin ] --START--
INFO: Run Behavior\ReadHtmlCacheBehavior [ RunTime:0.003766s ]
INFO: [ app_begin ] --END-- [ RunTime:0.003870s ]
ERR: 非法操作:Public

[ 2020-08-28T23:54:04+08:00 ] ::1 /www.shop11.com/index.php/home/index/Public/Home/css/font-awesome.min93e3.css?v=4.4.0
INFO: [ app_init ] --START--
INFO: Run Behavior\BuildLiteBehavior [ RunTime:0.000029s ]
INFO: [ app_init ] --END-- [ RunTime:0.001434s ]
INFO: [ app_begin ] --START--
INFO: Run Behavior\ReadHtmlCacheBehavior [ RunTime:0.002669s ]
INFO: [ app_begin ] --END-- [ RunTime:0.002785s ]
ERR: 非法操作:Public

[ 2020-08-28T23:54:04+08:00 ] ::1 /www.shop11.com/index.php/home/index/js/demo/layer-demo.min.js
INFO: [ app_init ] --START--
INFO: Run Behavior\BuildLiteBehavior [ RunTime:0.000017s ]
INFO: [ app_init ] --END-- [ RunTime:0.000428s ]
INFO: [ app_begin ] --START--
INFO: Run Behavior\ReadHtmlCacheBehavior [ RunTime:0.000945s ]
INFO: [ app_begin ] --END-- [ RunTime:0.001037s ]
ERR: 非法操作:js

[ 2020-08-28T23:54:04+08:00 ] ::1 /www.shop11.com/index.php/home/index/js/content.min.js?v=1.0.0
INFO: [ app_init ] --START--
INFO: Run Behavior\BuildLiteBehavior [ RunTime:0.000026s ]
INFO: [ app_init ] --END-- [ RunTime:0.000759s ]
INFO: [ app_begin ] --START--
INFO: Run Behavior\ReadHtmlCacheBehavior [ RunTime:0.001442s ]
INFO: [ app_begin ] --END-- [ RunTime:0.001562s ]
ERR: 非法操作:js

[ 2020-08-28T23:54:04+08:00 ] ::1 /www.shop11.com/index.php/home/index/js/plugins/layer/layer.min.js
INFO: [ app_init ] --START--
INFO: Run Behavior\BuildLiteBehavior [ RunTime:0.000024s ]
INFO: [ app_init ] --END-- [ RunTime:0.000949s ]
INFO: [ app_begin ] --START--
INFO: Run Behavior\ReadHtmlCacheBehavior [ RunTime:0.001499s ]
INFO: [ app_begin ] --END-- [ RunTime:0.001567s ]
ERR: 非法操作:js

[ 2020-08-28T23:54:04+08:00 ] ::1 /www.shop11.com/index.php/home/index/js/content.min.js?v=1.0.0
INFO: [ app_init ] --START--
INFO: Run Behavior\BuildLiteBehavior [ RunTime:0.000018s ]
INFO: [ app_init ] --END-- [ RunTime:0.000797s ]
INFO: [ app_begin ] --START--
INFO: Run Behavior\ReadHtmlCacheBehavior [ RunTime:0.001651s ]
INFO: [ app_begin ] --END-- [ RunTime:0.001744s ]
ERR: 非法操作:js

[ 2020-08-28T23:54:04+08:00 ] ::1 /www.shop11.com/index.php/home/index/js/demo/layer-demo.min.js
INFO: [ app_init ] --START--
INFO: Run Behavior\BuildLiteBehavior [ RunTime:0.000014s ]
INFO: [ app_init ] --END-- [ RunTime:0.000610s ]
INFO: [ app_begin ] --START--
INFO: Run Behavior\ReadHtmlCacheBehavior [ RunTime:0.001802s ]
INFO: [ app_begin ] --END-- [ RunTime:0.001890s ]
ERR: 非法操作:js

[ 2020-08-28T23:54:04+08:00 ] ::1 /www.shop11.com/index.php/home/index/favicon.ico
INFO: [ app_init ] --START--
INFO: Run Behavior\BuildLiteBehavior [ RunTime:0.000016s ]
INFO: [ app_init ] --END-- [ RunTime:0.000322s ]

