[ 2020-09-22T02:12:32+08:00 ] 127.0.0.1 /www.shop11.com/Home/Note/add
INFO: [ app_init ] --START--
INFO: Run Behavior\BuildLiteBehavior [ RunTime:0.000013s ]
INFO: [ app_init ] --END-- [ RunTime:0.000592s ]
INFO: [ app_begin ] --START--
INFO: Run Behavior\ReadHtmlCacheBehavior [ RunTime:0.000971s ]
INFO: [ app_begin ] --END-- [ RunTime:0.001018s ]
INFO: [ view_parse ] --START--
INFO: [ template_filter ] --START--
INFO: Run Behavior\ContentReplaceBehavior [ RunTime:0.000034s ]
INFO: [ template_filter ] --END-- [ RunTime:0.000081s ]
INFO: Run Behavior\ParseTemplateBehavior [ RunTime:0.007216s ]
INFO: [ view_parse ] --END-- [ RunTime:0.007266s ]
INFO: [ view_filter ] --START--
INFO: Run Behavior\WriteHtmlCacheBehavior [ RunTime:0.000800s ]
INFO: [ view_filter ] --END-- [ RunTime:0.000834s ]
INFO: [ app_end ] --START--
INFO: Run Behavior\ShowPageTraceBehavior [ RunTime:0.000866s ]
INFO: [ app_end ] --END-- [ RunTime:0.000900s ]

[ 2020-09-22T02:12:32+08:00 ] 127.0.0.1 /www.shop11.com/Home/Note/captcha
INFO: [ app_init ] --START--
INFO: Run Behavior\BuildLiteBehavior [ RunTime:0.000021s ]
INFO: [ app_init ] --END-- [ RunTime:0.000590s ]
INFO: [ app_begin ] --START--
INFO: Run Behavior\ReadHtmlCacheBehavior [ RunTime:0.000746s ]
INFO: [ app_begin ] --END-- [ RunTime:0.000814s ]
INFO: [ app_end ] --START--
INFO: Run Behavior\ShowPageTraceBehavior [ RunTime:0.000755s ]
INFO: [ app_end ] --END-- [ RunTime:0.000851s ]

[ 2020-09-22T02:14:40+08:00 ] 127.0.0.1 /www.shop11.com/Home/Note/lst
INFO: [ app_init ] --START--
INFO: Run Behavior\BuildLiteBehavior [ RunTime:0.000012s ]
INFO: [ app_init ] --END-- [ RunTime:0.000426s ]
INFO: [ app_begin ] --START--
INFO: Run Behavior\ReadHtmlCacheBehavior [ RunTime:0.000978s ]
INFO: [ app_begin ] --END-- [ RunTime:0.001056s ]
SQL: SHOW COLUMNS FROM `s11_note` [ RunTime:0.0108s ]
SQL: SELECT COUNT(*) AS tp_count FROM `s11_note` LIMIT 1   [ RunTime:0.0085s ]
SQL: SELECT * FROM `s11_note` ORDER BY id DESC LIMIT 0,10   [ RunTime:0.0007s ]
INFO: [ view_parse ] --START--
INFO: [ template_filter ] --START--
INFO: Run Behavior\ContentReplaceBehavior [ RunTime:0.000037s ]
INFO: [ template_filter ] --END-- [ RunTime:0.000083s ]
NOTIC: [8] Undefined index: title D:\PhPStudy\PHPTutorial\WWW\www.shop11.com\Application\Runtime\Cache\Home\4ba7141b924aef68be03ba09e32f2e51.php 第 46 行.
NOTIC: [8] Undefined index: start D:\PhPStudy\PHPTutorial\WWW\www.shop11.com\Application\Runtime\Cache\Home\4ba7141b924aef68be03ba09e32f2e51.php 第 48 行.
NOTIC: [8] Undefined index: end D:\PhPStudy\PHPTutorial\WWW\www.shop11.com\Application\Runtime\Cache\Home\4ba7141b924aef68be03ba09e32f2e51.php 第 50 行.
INFO: Run Behavior\ParseTemplateBehavior [ RunTime:0.010553s ]
INFO: [ view_parse ] --END-- [ RunTime:0.010624s ]
INFO: [ view_filter ] --START--
INFO: Run Behavior\WriteHtmlCacheBehavior [ RunTime:0.000481s ]
INFO: [ view_filter ] --END-- [ RunTime:0.000513s ]
INFO: [ app_end ] --START--
INFO: Run Behavior\ShowPageTraceBehavior [ RunTime:0.000827s ]
INFO: [ app_end ] --END-- [ RunTime:0.000874s ]

