[ 2020-10-08T17:01:12+08:00 ] ::1 /www.shop11.com/Home/Note/add
INFO: [ app_init ] --START--
INFO: Run Behavior\BuildLiteBehavior [ RunTime:0.000016s ]
INFO: [ app_init ] --END-- [ RunTime:0.001634s ]
INFO: [ app_begin ] --START--
INFO: Run Behavior\ReadHtmlCacheBehavior [ RunTime:0.001020s ]
INFO: [ app_begin ] --END-- [ RunTime:0.001075s ]
INFO: [ view_parse ] --START--
INFO: [ template_filter ] --START--
INFO: Run Behavior\ContentReplaceBehavior [ RunTime:0.000915s ]
INFO: [ template_filter ] --END-- [ RunTime:0.000964s ]
INFO: Run Behavior\ParseTemplateBehavior [ RunTime:0.009601s ]
INFO: [ view_parse ] --END-- [ RunTime:0.009650s ]
INFO: [ view_filter ] --START--
INFO: Run Behavior\WriteHtmlCacheBehavior [ RunTime:0.000771s ]
INFO: [ view_filter ] --END-- [ RunTime:0.000805s ]
INFO: [ app_end ] --START--
INFO: Run Behavior\ShowPageTraceBehavior [ RunTime:0.000841s ]
INFO: [ app_end ] --END-- [ RunTime:0.000874s ]

[ 2020-10-08T17:01:12+08:00 ] ::1 /www.shop11.com/Home/Note/captcha
INFO: [ app_init ] --START--
INFO: Run Behavior\BuildLiteBehavior [ RunTime:0.000031s ]
INFO: [ app_init ] --END-- [ RunTime:0.000933s ]
INFO: [ app_begin ] --START--
INFO: Run Behavior\ReadHtmlCacheBehavior [ RunTime:0.000688s ]
INFO: [ app_begin ] --END-- [ RunTime:0.000751s ]
INFO: [ app_end ] --START--
INFO: Run Behavior\ShowPageTraceBehavior [ RunTime:0.000827s ]
INFO: [ app_end ] --END-- [ RunTime:0.000946s ]

[ 2020-10-08T20:08:41+08:00 ] ::1 /www.shop11.com/Home/Note/add
INFO: [ app_init ] --START--
INFO: Run Behavior\BuildLiteBehavior [ RunTime:0.000014s ]
INFO: [ app_init ] --END-- [ RunTime:0.000488s ]
INFO: [ app_begin ] --START--
INFO: Run Behavior\ReadHtmlCacheBehavior [ RunTime:0.000767s ]
INFO: [ app_begin ] --END-- [ RunTime:0.000811s ]
INFO: [ view_parse ] --START--
INFO: [ template_filter ] --START--
INFO: Run Behavior\ContentReplaceBehavior [ RunTime:0.000057s ]
INFO: [ template_filter ] --END-- [ RunTime:0.000133s ]
INFO: Run Behavior\ParseTemplateBehavior [ RunTime:0.008143s ]
INFO: [ view_parse ] --END-- [ RunTime:0.008220s ]
INFO: [ view_filter ] --START--
INFO: Run Behavior\WriteHtmlCacheBehavior [ RunTime:0.001368s ]
INFO: [ view_filter ] --END-- [ RunTime:0.001417s ]
INFO: [ app_end ] --START--
INFO: Run Behavior\ShowPageTraceBehavior [ RunTime:0.000902s ]
INFO: [ app_end ] --END-- [ RunTime:0.000940s ]

[ 2020-10-08T20:08:41+08:00 ] ::1 /www.shop11.com/Home/Note/captcha
INFO: [ app_init ] --START--
INFO: Run Behavior\BuildLiteBehavior [ RunTime:0.000020s ]
INFO: [ app_init ] --END-- [ RunTime:0.000557s ]
INFO: [ app_begin ] --START--
INFO: Run Behavior\ReadHtmlCacheBehavior [ RunTime:0.001242s ]
INFO: [ app_begin ] --END-- [ RunTime:0.001391s ]
INFO: [ app_end ] --START--
INFO: Run Behavior\ShowPageTraceBehavior [ RunTime:0.000903s ]
INFO: [ app_end ] --END-- [ RunTime:0.000969s ]

[ 2020-10-08T20:08:45+08:00 ] ::1 /www.shop11.com/Home/Note/lst
INFO: [ app_init ] --START--
INFO: Run Behavior\BuildLiteBehavior [ RunTime:0.000018s ]
INFO: [ app_init ] --END-- [ RunTime:0.000453s ]
INFO: [ app_begin ] --START--
INFO: Run Behavior\ReadHtmlCacheBehavior [ RunTime:0.000645s ]
INFO: [ app_begin ] --END-- [ RunTime:0.000700s ]
SQL: SHOW COLUMNS FROM `s11_note` [ RunTime:0.0203s ]
SQL: SELECT COUNT(*) AS tp_count FROM `s11_note` LIMIT 1   [ RunTime:0.0037s ]
SQL: SELECT * FROM `s11_note` ORDER BY id DESC LIMIT 0,10   [ RunTime:0.0008s ]
INFO: [ view_parse ] --START--
INFO: [ template_filter ] --START--
INFO: Run Behavior\ContentReplaceBehavior [ RunTime:0.000230s ]
INFO: [ template_filter ] --END-- [ RunTime:0.000285s ]
NOTIC: [8] Undefined index: title D:\PhPStudy\PHPTutorial\WWW\www.shop11.com\Application\Runtime\Cache\Home\4ba7141b924aef68be03ba09e32f2e51.php 第 43 行.
NOTIC: [8] Undefined index: start D:\PhPStudy\PHPTutorial\WWW\www.shop11.com\Application\Runtime\Cache\Home\4ba7141b924aef68be03ba09e32f2e51.php 第 45 行.
NOTIC: [8] Undefined index: end D:\PhPStudy\PHPTutorial\WWW\www.shop11.com\Application\Runtime\Cache\Home\4ba7141b924aef68be03ba09e32f2e51.php 第 47 行.
INFO: Run Behavior\ParseTemplateBehavior [ RunTime:0.012471s ]
INFO: [ view_parse ] --END-- [ RunTime:0.012539s ]
INFO: [ view_filter ] --START--
INFO: Run Behavior\WriteHtmlCacheBehavior [ RunTime:0.000772s ]
INFO: [ view_filter ] --END-- [ RunTime:0.000816s ]
INFO: [ app_end ] --START--
INFO: Run Behavior\ShowPageTraceBehavior [ RunTime:0.001250s ]
INFO: [ app_end ] --END-- [ RunTime:0.001316s ]

[ 2020-10-08T20:08:49+08:00 ] ::1 /www.shop11.com/Home/Note/add
INFO: [ app_init ] --START--
INFO: Run Behavior\BuildLiteBehavior [ RunTime:0.000017s ]
INFO: [ app_init ] --END-- [ RunTime:0.000542s ]
INFO: [ app_begin ] --START--
INFO: Run Behavior\ReadHtmlCacheBehavior [ RunTime:0.000884s ]
INFO: [ app_begin ] --END-- [ RunTime:0.000938s ]
INFO: [ view_parse ] --START--
INFO: [ template_filter ] --START--
INFO: Run Behavior\ContentReplaceBehavior [ RunTime:0.000035s ]
INFO: [ template_filter ] --END-- [ RunTime:0.000082s ]
INFO: Run Behavior\ParseTemplateBehavior [ RunTime:0.005969s ]
INFO: [ view_parse ] --END-- [ RunTime:0.006012s ]
INFO: [ view_filter ] --START--
INFO: Run Behavior\WriteHtmlCacheBehavior [ RunTime:0.000446s ]
INFO: [ view_filter ] --END-- [ RunTime:0.000476s ]
INFO: [ app_end ] --START--
INFO: Run Behavior\ShowPageTraceBehavior [ RunTime:0.000650s ]
INFO: [ app_end ] --END-- [ RunTime:0.000683s ]

[ 2020-10-08T20:08:49+08:00 ] ::1 /www.shop11.com/Home/Note/captcha
INFO: [ app_init ] --START--
INFO: Run Behavior\BuildLiteBehavior [ RunTime:0.000016s ]
INFO: [ app_init ] --END-- [ RunTime:0.000420s ]
INFO: [ app_begin ] --START--
INFO: Run Behavior\ReadHtmlCacheBehavior [ RunTime:0.000493s ]
INFO: [ app_begin ] --END-- [ RunTime:0.000533s ]
INFO: [ app_end ] --START--
INFO: Run Behavior\ShowPageTraceBehavior [ RunTime:0.001097s ]
INFO: [ app_end ] --END-- [ RunTime:0.001200s ]

[ 2020-10-08T20:08:53+08:00 ] ::1 /www.shop11.com/Home/Note/lst
INFO: [ app_init ] --START--
INFO: Run Behavior\BuildLiteBehavior [ RunTime:0.000012s ]
INFO: [ app_init ] --END-- [ RunTime:0.000343s ]
INFO: [ app_begin ] --START--
INFO: Run Behavior\ReadHtmlCacheBehavior [ RunTime:0.000503s ]
INFO: [ app_begin ] --END-- [ RunTime:0.000542s ]
SQL: SHOW COLUMNS FROM `s11_note` [ RunTime:0.0064s ]
SQL: SELECT COUNT(*) AS tp_count FROM `s11_note` LIMIT 1   [ RunTime:0.0009s ]
SQL: SELECT * FROM `s11_note` ORDER BY id DESC LIMIT 0,10   [ RunTime:0.0004s ]
INFO: [ view_parse ] --START--
INFO: [ template_filter ] --START--
INFO: Run Behavior\ContentReplaceBehavior [ RunTime:0.000053s ]
INFO: [ template_filter ] --END-- [ RunTime:0.000117s ]
NOTIC: [8] Undefined index: title D:\PhPStudy\PHPTutorial\WWW\www.shop11.com\Application\Runtime\Cache\Home\4ba7141b924aef68be03ba09e32f2e51.php 第 43 行.
NOTIC: [8] Undefined index: start D:\PhPStudy\PHPTutorial\WWW\www.shop11.com\Application\Runtime\Cache\Home\4ba7141b924aef68be03ba09e32f2e51.php 第 45 行.
NOTIC: [8] Undefined index: end D:\PhPStudy\PHPTutorial\WWW\www.shop11.com\Application\Runtime\Cache\Home\4ba7141b924aef68be03ba09e32f2e51.php 第 47 行.
INFO: Run Behavior\ParseTemplateBehavior [ RunTime:0.009539s ]
INFO: [ view_parse ] --END-- [ RunTime:0.009597s ]
INFO: [ view_filter ] --START--
INFO: Run Behavior\WriteHtmlCacheBehavior [ RunTime:0.000470s ]
INFO: [ view_filter ] --END-- [ RunTime:0.000519s ]
INFO: [ app_end ] --START--
INFO: Run Behavior\ShowPageTraceBehavior [ RunTime:0.000852s ]
INFO: [ app_end ] --END-- [ RunTime:0.000918s ]

[ 2020-10-08T20:08:56+08:00 ] ::1 /www.shop11.com/Home/Note/add
INFO: [ app_init ] --START--
INFO: Run Behavior\BuildLiteBehavior [ RunTime:0.000017s ]
INFO: [ app_init ] --END-- [ RunTime:0.000473s ]
INFO: [ app_begin ] --START--
INFO: Run Behavior\ReadHtmlCacheBehavior [ RunTime:0.000671s ]
INFO: [ app_begin ] --END-- [ RunTime:0.000734s ]
INFO: [ view_parse ] --START--
INFO: [ template_filter ] --START--
INFO: Run Behavior\ContentReplaceBehavior [ RunTime:0.000047s ]
INFO: [ template_filter ] --END-- [ RunTime:0.000115s ]
INFO: Run Behavior\ParseTemplateBehavior [ RunTime:0.007630s ]
INFO: [ view_parse ] --END-- [ RunTime:0.007699s ]
INFO: [ view_filter ] --START--
INFO: Run Behavior\WriteHtmlCacheBehavior [ RunTime:0.000373s ]
INFO: [ view_filter ] --END-- [ RunTime:0.000426s ]
INFO: [ app_end ] --START--
INFO: Run Behavior\ShowPageTraceBehavior [ RunTime:0.000686s ]
INFO: [ app_end ] --END-- [ RunTime:0.000732s ]

[ 2020-10-08T20:08:56+08:00 ] ::1 /www.shop11.com/Home/Note/captcha
INFO: [ app_init ] --START--
INFO: Run Behavior\BuildLiteBehavior [ RunTime:0.000021s ]
INFO: [ app_init ] --END-- [ RunTime:0.000506s ]
INFO: [ app_begin ] --START--
INFO: Run Behavior\ReadHtmlCacheBehavior [ RunTime:0.000691s ]
INFO: [ app_begin ] --END-- [ RunTime:0.000751s ]
INFO: [ app_end ] --START--
INFO: Run Behavior\ShowPageTraceBehavior [ RunTime:0.001032s ]
INFO: [ app_end ] --END-- [ RunTime:0.001139s ]

[ 2020-10-08T20:09:15+08:00 ] ::1 /www.shop11.com/index.php/Home/Note/doadd
INFO: [ app_init ] --START--
INFO: Run Behavior\BuildLiteBehavior [ RunTime:0.000012s ]
INFO: [ app_init ] --END-- [ RunTime:0.000335s ]
INFO: [ app_begin ] --START--
INFO: Run Behavior\ReadHtmlCacheBehavior [ RunTime:0.000466s ]
INFO: [ app_begin ] --END-- [ RunTime:0.000505s ]
INFO: [ view_parse ] --START--
INFO: [ template_filter ] --START--
INFO: Run Behavior\ContentReplaceBehavior [ RunTime:0.000032s ]
INFO: [ template_filter ] --END-- [ RunTime:0.000099s ]
INFO: Run Behavior\ParseTemplateBehavior [ RunTime:0.007438s ]
INFO: [ view_parse ] --END-- [ RunTime:0.007496s ]
INFO: [ view_filter ] --START--
INFO: Run Behavior\WriteHtmlCacheBehavior [ RunTime:0.000349s ]
INFO: [ view_filter ] --END-- [ RunTime:0.000390s ]

[ 2020-10-08T20:09:18+08:00 ] ::1 /www.shop11.com/Home/Note/captcha
INFO: [ app_init ] --START--
INFO: Run Behavior\BuildLiteBehavior [ RunTime:0.000021s ]
INFO: [ app_init ] --END-- [ RunTime:0.000581s ]
INFO: [ app_begin ] --START--
INFO: Run Behavior\ReadHtmlCacheBehavior [ RunTime:0.000835s ]
INFO: [ app_begin ] --END-- [ RunTime:0.000913s ]
INFO: [ app_end ] --START--
INFO: Run Behavior\ShowPageTraceBehavior [ RunTime:0.001299s ]
INFO: [ app_end ] --END-- [ RunTime:0.001432s ]

[ 2020-10-08T20:09:38+08:00 ] ::1 /www.shop11.com/index.php/Home/Note/doadd
INFO: [ app_init ] --START--
INFO: Run Behavior\BuildLiteBehavior [ RunTime:0.000014s ]
INFO: [ app_init ] --END-- [ RunTime:0.000413s ]
INFO: [ app_begin ] --START--
INFO: Run Behavior\ReadHtmlCacheBehavior [ RunTime:0.000597s ]
INFO: [ app_begin ] --END-- [ RunTime:0.000652s ]
NOTIC: [2] call_user_func() expects parameter 1 to be a valid callback, no array or string given D:\PhPStudy\PHPTutorial\WWW\www.shop11.com\ThinkPHP\Library\Think\Upload.class.php 第 170 行.
SQL: SHOW COLUMNS FROM `s11_note` [ RunTime:0.0160s ]
SQL: INSERT INTO `s11_note` (`title`,`content`,`ip`,`image`,`big_img`,`mid_img`,`sm_img`) VALUES ('啊啊','啊','0','Note/2020-10-08/5f7f01807d2d1.jpg','Note/2020-10-08/big_5f7f01807d2d1.jpg','Note/2020-10-08/mid_5f7f01807d2d1.jpg','Note/2020-10-08/sm_5f7f01807d2d1.jpg') [ RunTime:0.0087s ]
INFO: [ view_parse ] --START--
INFO: [ template_filter ] --START--
INFO: Run Behavior\ContentReplaceBehavior [ RunTime:0.000035s ]
INFO: [ template_filter ] --END-- [ RunTime:0.000079s ]
INFO: Run Behavior\ParseTemplateBehavior [ RunTime:0.021475s ]
INFO: [ view_parse ] --END-- [ RunTime:0.021549s ]
INFO: [ view_filter ] --START--
INFO: Run Behavior\WriteHtmlCacheBehavior [ RunTime:0.002544s ]
INFO: [ view_filter ] --END-- [ RunTime:0.002576s ]
INFO: [ app_end ] --START--
INFO: Run Behavior\ShowPageTraceBehavior [ RunTime:0.002726s ]
INFO: [ app_end ] --END-- [ RunTime:0.002759s ]

[ 2020-10-08T20:09:42+08:00 ] ::1 /www.shop11.com/Home/Note/lst
INFO: [ app_init ] --START--
INFO: Run Behavior\BuildLiteBehavior [ RunTime:0.000013s ]
INFO: [ app_init ] --END-- [ RunTime:0.000989s ]
INFO: [ app_begin ] --START--
INFO: Run Behavior\ReadHtmlCacheBehavior [ RunTime:0.002908s ]
INFO: [ app_begin ] --END-- [ RunTime:0.002960s ]
SQL: SHOW COLUMNS FROM `s11_note` [ RunTime:0.0132s ]
SQL: SELECT COUNT(*) AS tp_count FROM `s11_note` LIMIT 1   [ RunTime:0.0007s ]
SQL: SELECT * FROM `s11_note` ORDER BY id DESC LIMIT 0,10   [ RunTime:0.0006s ]
INFO: [ view_parse ] --START--
INFO: [ template_filter ] --START--
INFO: Run Behavior\ContentReplaceBehavior [ RunTime:0.000040s ]
INFO: [ template_filter ] --END-- [ RunTime:0.000091s ]
NOTIC: [8] Undefined index: title D:\PhPStudy\PHPTutorial\WWW\www.shop11.com\Application\Runtime\Cache\Home\4ba7141b924aef68be03ba09e32f2e51.php 第 43 行.
NOTIC: [8] Undefined index: start D:\PhPStudy\PHPTutorial\WWW\www.shop11.com\Application\Runtime\Cache\Home\4ba7141b924aef68be03ba09e32f2e51.php 第 45 行.
NOTIC: [8] Undefined index: end D:\PhPStudy\PHPTutorial\WWW\www.shop11.com\Application\Runtime\Cache\Home\4ba7141b924aef68be03ba09e32f2e51.php 第 47 行.
INFO: Run Behavior\ParseTemplateBehavior [ RunTime:0.017090s ]
INFO: [ view_parse ] --END-- [ RunTime:0.017148s ]
INFO: [ view_filter ] --START--
INFO: Run Behavior\WriteHtmlCacheBehavior [ RunTime:0.002782s ]
INFO: [ view_filter ] --END-- [ RunTime:0.002824s ]
INFO: [ app_end ] --START--
INFO: Run Behavior\ShowPageTraceBehavior [ RunTime:0.003670s ]
INFO: [ app_end ] --END-- [ RunTime:0.003734s ]

[ 2020-10-08T20:10:25+08:00 ] ::1 /www.shop11.com/Home/Note/delete/id/596
INFO: [ app_init ] --START--
INFO: Run Behavior\BuildLiteBehavior [ RunTime:0.000012s ]
INFO: [ app_init ] --END-- [ RunTime:0.000335s ]
INFO: [ app_begin ] --START--
INFO: Run Behavior\ReadHtmlCacheBehavior [ RunTime:0.000471s ]
INFO: [ app_begin ] --END-- [ RunTime:0.000510s ]
SQL: SHOW COLUMNS FROM `s11_note` [ RunTime:0.0136s ]
SQL: SELECT `image`,`big_img`,`mid_img`,`sm_img` FROM `s11_note` WHERE `id` = 596 LIMIT 1   [ RunTime:0.0020s ]
SQL: DELETE FROM `s11_note` WHERE `id` = 596 [ RunTime:0.0032s ]
INFO: [ view_parse ] --START--
INFO: [ template_filter ] --START--
INFO: Run Behavior\ContentReplaceBehavior [ RunTime:0.003904s ]
INFO: [ template_filter ] --END-- [ RunTime:0.003968s ]
INFO: Run Behavior\ParseTemplateBehavior [ RunTime:0.012053s ]
INFO: [ view_parse ] --END-- [ RunTime:0.012112s ]
INFO: [ view_filter ] --START--
INFO: Run Behavior\WriteHtmlCacheBehavior [ RunTime:0.000681s ]
INFO: [ view_filter ] --END-- [ RunTime:0.000720s ]
INFO: [ app_end ] --START--
INFO: Run Behavior\ShowPageTraceBehavior [ RunTime:0.000770s ]
INFO: [ app_end ] --END-- [ RunTime:0.000808s ]

[ 2020-10-08T20:10:28+08:00 ] ::1 /www.shop11.com/Home/Note/lst
INFO: [ app_init ] --START--
INFO: Run Behavior\BuildLiteBehavior [ RunTime:0.000012s ]
INFO: [ app_init ] --END-- [ RunTime:0.000417s ]
INFO: [ app_begin ] --START--
INFO: Run Behavior\ReadHtmlCacheBehavior [ RunTime:0.000624s ]
INFO: [ app_begin ] --END-- [ RunTime:0.000663s ]
SQL: SHOW COLUMNS FROM `s11_note` [ RunTime:0.0131s ]
SQL: SELECT COUNT(*) AS tp_count FROM `s11_note` LIMIT 1   [ RunTime:0.0006s ]
SQL: SELECT * FROM `s11_note` ORDER BY id DESC LIMIT 0,10   [ RunTime:0.0005s ]
INFO: [ view_parse ] --START--
INFO: [ template_filter ] --START--
INFO: Run Behavior\ContentReplaceBehavior [ RunTime:0.000042s ]
INFO: [ template_filter ] --END-- [ RunTime:0.000091s ]
NOTIC: [8] Undefined index: title D:\PhPStudy\PHPTutorial\WWW\www.shop11.com\Application\Runtime\Cache\Home\4ba7141b924aef68be03ba09e32f2e51.php 第 43 行.
NOTIC: [8] Undefined index: start D:\PhPStudy\PHPTutorial\WWW\www.shop11.com\Application\Runtime\Cache\Home\4ba7141b924aef68be03ba09e32f2e51.php 第 45 行.
NOTIC: [8] Undefined index: end D:\PhPStudy\PHPTutorial\WWW\www.shop11.com\Application\Runtime\Cache\Home\4ba7141b924aef68be03ba09e32f2e51.php 第 47 行.
INFO: Run Behavior\ParseTemplateBehavior [ RunTime:0.006500s ]
INFO: [ view_parse ] --END-- [ RunTime:0.006546s ]
INFO: [ view_filter ] --START--
INFO: Run Behavior\WriteHtmlCacheBehavior [ RunTime:0.000316s ]
INFO: [ view_filter ] --END-- [ RunTime:0.000352s ]
INFO: [ app_end ] --START--
INFO: Run Behavior\ShowPageTraceBehavior [ RunTime:0.000618s ]
INFO: [ app_end ] --END-- [ RunTime:0.000670s ]

[ 2020-10-08T21:20:25+08:00 ] ::1 /www.shop11.com/Home/Note/lst
INFO: [ app_init ] --START--
INFO: Run Behavior\BuildLiteBehavior [ RunTime:0.000018s ]
INFO: [ app_init ] --END-- [ RunTime:0.000577s ]
INFO: [ app_begin ] --START--
INFO: Run Behavior\ReadHtmlCacheBehavior [ RunTime:0.000868s ]
INFO: [ app_begin ] --END-- [ RunTime:0.000919s ]
SQL: SHOW COLUMNS FROM `s11_note` [ RunTime:0.0166s ]
SQL: SELECT COUNT(*) AS tp_count FROM `s11_note` LIMIT 1   [ RunTime:0.0008s ]
SQL: SELECT * FROM `s11_note` ORDER BY id DESC LIMIT 0,10   [ RunTime:0.0008s ]
INFO: [ view_parse ] --START--
INFO: [ template_filter ] --START--
INFO: Run Behavior\ContentReplaceBehavior [ RunTime:0.000046s ]
INFO: [ template_filter ] --END-- [ RunTime:0.000099s ]
NOTIC: [8] Undefined index: title D:\PhPStudy\PHPTutorial\WWW\www.shop11.com\Application\Runtime\Cache\Home\4ba7141b924aef68be03ba09e32f2e51.php 第 43 行.
NOTIC: [8] Undefined index: start D:\PhPStudy\PHPTutorial\WWW\www.shop11.com\Application\Runtime\Cache\Home\4ba7141b924aef68be03ba09e32f2e51.php 第 45 行.
NOTIC: [8] Undefined index: end D:\PhPStudy\PHPTutorial\WWW\www.shop11.com\Application\Runtime\Cache\Home\4ba7141b924aef68be03ba09e32f2e51.php 第 47 行.
INFO: Run Behavior\ParseTemplateBehavior [ RunTime:0.016443s ]
INFO: [ view_parse ] --END-- [ RunTime:0.016511s ]
INFO: [ view_filter ] --START--
INFO: Run Behavior\WriteHtmlCacheBehavior [ RunTime:0.000425s ]
INFO: [ view_filter ] --END-- [ RunTime:0.000456s ]
INFO: [ app_end ] --START--
INFO: Run Behavior\ShowPageTraceBehavior [ RunTime:0.000748s ]
INFO: [ app_end ] --END-- [ RunTime:0.000794s ]

[ 2020-10-08T21:21:22+08:00 ] ::1 /www.shop11.com/Home/Note/lst
INFO: [ app_init ] --START--
INFO: Run Behavior\BuildLiteBehavior [ RunTime:0.000012s ]
INFO: [ app_init ] --END-- [ RunTime:0.000340s ]
INFO: [ app_begin ] --START--
INFO: Run Behavior\ReadHtmlCacheBehavior [ RunTime:0.000483s ]
INFO: [ app_begin ] --END-- [ RunTime:0.000523s ]
SQL: SHOW COLUMNS FROM `s11_note` [ RunTime:0.0154s ]
SQL: SELECT COUNT(*) AS tp_count FROM `s11_note` LIMIT 1   [ RunTime:0.0007s ]
SQL: SELECT * FROM `s11_note` ORDER BY id DESC LIMIT 0,10   [ RunTime:0.0005s ]
INFO: [ view_parse ] --START--
INFO: [ template_filter ] --START--
INFO: Run Behavior\ContentReplaceBehavior [ RunTime:0.000045s ]
INFO: [ template_filter ] --END-- [ RunTime:0.000100s ]
NOTIC: [8] Undefined index: title D:\PhPStudy\PHPTutorial\WWW\www.shop11.com\Application\Runtime\Cache\Home\4ba7141b924aef68be03ba09e32f2e51.php 第 43 行.
NOTIC: [8] Undefined index: start D:\PhPStudy\PHPTutorial\WWW\www.shop11.com\Application\Runtime\Cache\Home\4ba7141b924aef68be03ba09e32f2e51.php 第 45 行.
NOTIC: [8] Undefined index: end D:\PhPStudy\PHPTutorial\WWW\www.shop11.com\Application\Runtime\Cache\Home\4ba7141b924aef68be03ba09e32f2e51.php 第 47 行.
NOTIC: [8] Undefined variable: btn D:\PhPStudy\PHPTutorial\WWW\www.shop11.com\Application\Runtime\Cache\Home\4ba7141b924aef68be03ba09e32f2e51.php 第 51 行.
INFO: Run Behavior\ParseTemplateBehavior [ RunTime:0.012213s ]
INFO: [ view_parse ] --END-- [ RunTime:0.012286s ]
INFO: [ view_filter ] --START--
INFO: Run Behavior\WriteHtmlCacheBehavior [ RunTime:0.000310s ]
INFO: [ view_filter ] --END-- [ RunTime:0.000342s ]
INFO: [ app_end ] --START--
INFO: Run Behavior\ShowPageTraceBehavior [ RunTime:0.000551s ]
INFO: [ app_end ] --END-- [ RunTime:0.000593s ]

[ 2020-10-08T21:21:28+08:00 ] ::1 /www.shop11.com/Home/Note/lst
INFO: [ app_init ] --START--
INFO: Run Behavior\BuildLiteBehavior [ RunTime:0.000015s ]
INFO: [ app_init ] --END-- [ RunTime:0.000385s ]
INFO: [ app_begin ] --START--
INFO: Run Behavior\ReadHtmlCacheBehavior [ RunTime:0.000560s ]
INFO: [ app_begin ] --END-- [ RunTime:0.000606s ]
SQL: SHOW COLUMNS FROM `s11_note` [ RunTime:0.0057s ]
SQL: SELECT COUNT(*) AS tp_count FROM `s11_note` LIMIT 1   [ RunTime:0.0006s ]
SQL: SELECT * FROM `s11_note` ORDER BY id DESC LIMIT 0,10   [ RunTime:0.0005s ]
INFO: [ view_parse ] --START--
INFO: [ template_filter ] --START--
INFO: Run Behavior\ContentReplaceBehavior [ RunTime:0.000039s ]
INFO: [ template_filter ] --END-- [ RunTime:0.000082s ]
NOTIC: [8] Undefined index: title D:\PhPStudy\PHPTutorial\WWW\www.shop11.com\Application\Runtime\Cache\Home\4ba7141b924aef68be03ba09e32f2e51.php 第 43 行.
NOTIC: [8] Undefined index: start D:\PhPStudy\PHPTutorial\WWW\www.shop11.com\Application\Runtime\Cache\Home\4ba7141b924aef68be03ba09e32f2e51.php 第 45 行.
NOTIC: [8] Undefined index: end D:\PhPStudy\PHPTutorial\WWW\www.shop11.com\Application\Runtime\Cache\Home\4ba7141b924aef68be03ba09e32f2e51.php 第 47 行.
NOTIC: [8] Undefined variable: btn D:\PhPStudy\PHPTutorial\WWW\www.shop11.com\Application\Runtime\Cache\Home\4ba7141b924aef68be03ba09e32f2e51.php 第 51 行.
INFO: Run Behavior\ParseTemplateBehavior [ RunTime:0.007569s ]
INFO: [ view_parse ] --END-- [ RunTime:0.007624s ]
INFO: [ view_filter ] --START--
INFO: Run Behavior\WriteHtmlCacheBehavior [ RunTime:0.000388s ]
INFO: [ view_filter ] --END-- [ RunTime:0.000431s ]
INFO: [ app_end ] --START--
INFO: Run Behavior\ShowPageTraceBehavior [ RunTime:0.000916s ]
INFO: [ app_end ] --END-- [ RunTime:0.001017s ]

[ 2020-10-08T21:21:40+08:00 ] ::1 /www.shop11.com/Home/Note/lst
INFO: [ app_init ] --START--
INFO: Run Behavior\BuildLiteBehavior [ RunTime:0.000012s ]
INFO: [ app_init ] --END-- [ RunTime:0.000332s ]
INFO: [ app_begin ] --START--
INFO: Run Behavior\ReadHtmlCacheBehavior [ RunTime:0.000465s ]
INFO: [ app_begin ] --END-- [ RunTime:0.000503s ]
SQL: SHOW COLUMNS FROM `s11_note` [ RunTime:0.0155s ]
SQL: SELECT COUNT(*) AS tp_count FROM `s11_note` LIMIT 1   [ RunTime:0.0011s ]
SQL: SELECT * FROM `s11_note` ORDER BY id DESC LIMIT 0,10   [ RunTime:0.0007s ]
INFO: [ view_parse ] --START--
INFO: [ template_filter ] --START--
INFO: Run Behavior\ContentReplaceBehavior [ RunTime:0.000041s ]
INFO: [ template_filter ] --END-- [ RunTime:0.000091s ]
NOTIC: [8] Undefined index: title D:\PhPStudy\PHPTutorial\WWW\www.shop11.com\Application\Runtime\Cache\Home\4ba7141b924aef68be03ba09e32f2e51.php 第 43 行.
NOTIC: [8] Undefined index: start D:\PhPStudy\PHPTutorial\WWW\www.shop11.com\Application\Runtime\Cache\Home\4ba7141b924aef68be03ba09e32f2e51.php 第 45 行.
NOTIC: [8] Undefined index: end D:\PhPStudy\PHPTutorial\WWW\www.shop11.com\Application\Runtime\Cache\Home\4ba7141b924aef68be03ba09e32f2e51.php 第 47 行.
INFO: Run Behavior\ParseTemplateBehavior [ RunTime:0.010905s ]
INFO: [ view_parse ] --END-- [ RunTime:0.010977s ]
INFO: [ view_filter ] --START--
INFO: Run Behavior\WriteHtmlCacheBehavior [ RunTime:0.000263s ]
INFO: [ view_filter ] --END-- [ RunTime:0.000294s ]
INFO: [ app_end ] --START--
INFO: Run Behavior\ShowPageTraceBehavior [ RunTime:0.000530s ]
INFO: [ app_end ] --END-- [ RunTime:0.000575s ]

