[ 2020-10-10T18:19:07+08:00 ] ::1 /www.shop11.com/Home/Note/edit/id/595
INFO: [ app_init ] --START--
INFO: Run Behavior\BuildLiteBehavior [ RunTime:0.000016s ]
INFO: [ app_init ] --END-- [ RunTime:0.001113s ]
INFO: [ app_begin ] --START--
INFO: Run Behavior\ReadHtmlCacheBehavior [ RunTime:0.001003s ]
INFO: [ app_begin ] --END-- [ RunTime:0.001061s ]
SQL: SHOW COLUMNS FROM `s11_note` [ RunTime:0.0110s ]
SQL: SELECT * FROM `s11_note` WHERE `id` = 595 LIMIT 1   [ RunTime:0.0011s ]
INFO: [ view_parse ] --START--
INFO: [ template_filter ] --START--
INFO: Run Behavior\ContentReplaceBehavior [ RunTime:0.000045s ]
INFO: [ template_filter ] --END-- [ RunTime:0.000095s ]
INFO: Run Behavior\ParseTemplateBehavior [ RunTime:0.016074s ]
INFO: [ view_parse ] --END-- [ RunTime:0.016159s ]
INFO: [ view_filter ] --START--
INFO: Run Behavior\WriteHtmlCacheBehavior [ RunTime:0.000625s ]
INFO: [ view_filter ] --END-- [ RunTime:0.000657s ]
INFO: [ app_end ] --START--
INFO: Run Behavior\ShowPageTraceBehavior [ RunTime:0.000833s ]
INFO: [ app_end ] --END-- [ RunTime:0.000868s ]

[ 2020-10-10T18:19:07+08:00 ] ::1 /www.shop11.com/Home/Note/captcha
INFO: [ app_init ] --START--
INFO: Run Behavior\BuildLiteBehavior [ RunTime:0.000027s ]
INFO: [ app_init ] --END-- [ RunTime:0.001185s ]
INFO: [ app_begin ] --START--
INFO: Run Behavior\ReadHtmlCacheBehavior [ RunTime:0.002351s ]
INFO: [ app_begin ] --END-- [ RunTime:0.002428s ]
INFO: [ app_end ] --START--
INFO: Run Behavior\ShowPageTraceBehavior [ RunTime:0.002283s ]
INFO: [ app_end ] --END-- [ RunTime:0.002403s ]

[ 2020-10-10T18:19:35+08:00 ] ::1 /www.shop11.com/index.php/Home/Note/doedit
INFO: [ app_init ] --START--
INFO: Run Behavior\BuildLiteBehavior [ RunTime:0.000014s ]
INFO: [ app_init ] --END-- [ RunTime:0.000511s ]
INFO: [ app_begin ] --START--
INFO: Run Behavior\ReadHtmlCacheBehavior [ RunTime:0.001104s ]
INFO: [ app_begin ] --END-- [ RunTime:0.001156s ]
NOTIC: [2] call_user_func() expects parameter 1 to be a valid callback, no array or string given D:\PhPStudy\PHPTutorial\WWW\www.shop11.com\ThinkPHP\Library\Think\Upload.class.php 第 170 行.
SQL: SHOW COLUMNS FROM `s11_note` [ RunTime:0.0162s ]
SQL: UPDATE `s11_note` SET `title`='1111',`content`='00',`ip`='0',`image`='Note/2020-10-10/5f818ab50940c.jpg',`big_img`='Note/2020-10-10/big_5f818ab50940c.jpg',`mid_img`='Note/2020-10-10/mid_5f818ab50940c.jpg',`sm_img`='Note/2020-10-10/sm_5f818ab50940c.jpg' WHERE `id` = 595 [ RunTime:0.0088s ]
INFO: [ view_parse ] --START--
INFO: [ template_filter ] --START--
INFO: Run Behavior\ContentReplaceBehavior [ RunTime:0.000079s ]
INFO: [ template_filter ] --END-- [ RunTime:0.000190s ]
INFO: Run Behavior\ParseTemplateBehavior [ RunTime:0.015989s ]
INFO: [ view_parse ] --END-- [ RunTime:0.016073s ]
INFO: [ view_filter ] --START--
INFO: Run Behavior\WriteHtmlCacheBehavior [ RunTime:0.000610s ]
INFO: [ view_filter ] --END-- [ RunTime:0.000643s ]
INFO: [ app_end ] --START--
INFO: Run Behavior\ShowPageTraceBehavior [ RunTime:0.000692s ]
INFO: [ app_end ] --END-- [ RunTime:0.000723s ]

[ 2020-10-10T18:19:38+08:00 ] ::1 /www.shop11.com/Home/Note/lst
INFO: [ app_init ] --START--
INFO: Run Behavior\BuildLiteBehavior [ RunTime:0.000014s ]
INFO: [ app_init ] --END-- [ RunTime:0.000452s ]
INFO: [ app_begin ] --START--
INFO: Run Behavior\ReadHtmlCacheBehavior [ RunTime:0.000787s ]
INFO: [ app_begin ] --END-- [ RunTime:0.000835s ]
SQL: SHOW COLUMNS FROM `s11_note` [ RunTime:0.0072s ]
SQL: SELECT COUNT(*) AS tp_count FROM `s11_note` LIMIT 1   [ RunTime:0.0007s ]
SQL: SELECT * FROM `s11_note` ORDER BY id DESC LIMIT 0,10   [ RunTime:0.0006s ]
INFO: [ view_parse ] --START--
INFO: [ template_filter ] --START--
INFO: Run Behavior\ContentReplaceBehavior [ RunTime:0.000050s ]
INFO: [ template_filter ] --END-- [ RunTime:0.000109s ]
NOTIC: [8] Undefined index: title D:\PhPStudy\PHPTutorial\WWW\www.shop11.com\Application\Runtime\Cache\Home\4ba7141b924aef68be03ba09e32f2e51.php 第 43 行.
NOTIC: [8] Undefined index: start D:\PhPStudy\PHPTutorial\WWW\www.shop11.com\Application\Runtime\Cache\Home\4ba7141b924aef68be03ba09e32f2e51.php 第 45 行.
NOTIC: [8] Undefined index: end D:\PhPStudy\PHPTutorial\WWW\www.shop11.com\Application\Runtime\Cache\Home\4ba7141b924aef68be03ba09e32f2e51.php 第 47 行.
INFO: Run Behavior\ParseTemplateBehavior [ RunTime:0.009759s ]
INFO: [ view_parse ] --END-- [ RunTime:0.009828s ]
INFO: [ view_filter ] --START--
INFO: Run Behavior\WriteHtmlCacheBehavior [ RunTime:0.000404s ]
INFO: [ view_filter ] --END-- [ RunTime:0.000448s ]
INFO: [ app_end ] --START--
INFO: Run Behavior\ShowPageTraceBehavior [ RunTime:0.000964s ]
INFO: [ app_end ] --END-- [ RunTime:0.001038s ]

