[ 2020-09-11T01:24:05+08:00 ] ::1 /www.shop11.com/Public/Uploads/Note/2020-09-10/big_5f5a18437017b.jpg
INFO: [ app_init ] --START--
INFO: Run Behavior\BuildLiteBehavior [ RunTime:0.000021s ]
INFO: [ app_init ] --END-- [ RunTime:0.000556s ]
ERR: 无法加载模块:Public

[ 2020-09-11T01:24:05+08:00 ] ::1 /www.shop11.com/Public/Uploads/Note/2020-09-10/5f5a15f4ce91f.jpg
INFO: [ app_init ] --START--
INFO: Run Behavior\BuildLiteBehavior [ RunTime:0.000019s ]
INFO: [ app_init ] --END-- [ RunTime:0.000527s ]
ERR: 无法加载模块:Public

[ 2020-09-11T01:24:30+08:00 ] ::1 /www.shop11.com/Public/Uploads/Note/2020-09-10/big_5f5a18437017b.jpg
INFO: [ app_init ] --START--
INFO: Run Behavior\BuildLiteBehavior [ RunTime:0.000021s ]
INFO: [ app_init ] --END-- [ RunTime:0.000646s ]
ERR: 无法加载模块:Public

[ 2020-09-11T01:24:30+08:00 ] ::1 /www.shop11.com/Public/Uploads/Note/2020-09-10/5f5a15f4ce91f.jpg
INFO: [ app_init ] --START--
INFO: Run Behavior\BuildLiteBehavior [ RunTime:0.000027s ]
INFO: [ app_init ] --END-- [ RunTime:0.000778s ]
ERR: 无法加载模块:Public

[ 2020-09-11T01:39:26+08:00 ] ::1 /www.shop11.com/Public/Uploads/Note/2020-09-10/big_5f5a18437017b.jpg
INFO: [ app_init ] --START--
INFO: Run Behavior\BuildLiteBehavior [ RunTime:0.000033s ]
INFO: [ app_init ] --END-- [ RunTime:0.001060s ]
ERR: 无法加载模块:Public

[ 2020-09-11T01:39:26+08:00 ] ::1 /www.shop11.com/Public/Uploads/Note/2020-09-10/5f5a15f4ce91f.jpg
INFO: [ app_init ] --START--
INFO: Run Behavior\BuildLiteBehavior [ RunTime:0.000054s ]
INFO: [ app_init ] --END-- [ RunTime:0.001088s ]
ERR: 无法加载模块:Public

[ 2020-09-11T02:01:40+08:00 ] ::1 /www.shop11.com/Public/Uploads/Note/2020-09-11/5f5a64c90bb96.jpg
INFO: [ app_init ] --START--
INFO: Run Behavior\BuildLiteBehavior [ RunTime:0.000022s ]
INFO: [ app_init ] --END-- [ RunTime:0.000633s ]
ERR: 无法加载模块:Public

[ 2020-09-11T02:01:40+08:00 ] ::1 /www.shop11.com/Public/Uploads/Note/2020-09-11/5f5a65e0555e1.jpg
INFO: [ app_init ] --START--
INFO: Run Behavior\BuildLiteBehavior [ RunTime:0.000028s ]
INFO: [ app_init ] --END-- [ RunTime:0.000912s ]
ERR: 无法加载模块:Public

[ 2020-09-11T02:01:40+08:00 ] ::1 /www.shop11.com/Public/Uploads/Note/2020-09-11/5f5a62f06af71.jpg
INFO: [ app_init ] --START--
INFO: Run Behavior\BuildLiteBehavior [ RunTime:0.000052s ]
INFO: [ app_init ] --END-- [ RunTime:0.000991s ]
ERR: 无法加载模块:Public

[ 2020-09-11T02:01:40+08:00 ] ::1 /www.shop11.com/Public/Uploads/Note/2020-09-11/5f5a6235c0899.jpg
INFO: [ app_init ] --START--
INFO: Run Behavior\BuildLiteBehavior [ RunTime:0.000029s ]
INFO: [ app_init ] --END-- [ RunTime:0.000834s ]
ERR: 无法加载模块:Public

[ 2020-09-11T02:01:40+08:00 ] ::1 /www.shop11.com/Public/Uploads/Note/2020-09-11/5f5a641cd3a1d.jpg
INFO: [ app_init ] --START--
INFO: Run Behavior\BuildLiteBehavior [ RunTime:0.000032s ]
INFO: [ app_init ] --END-- [ RunTime:0.000961s ]
ERR: 无法加载模块:Public

[ 2020-09-11T02:01:40+08:00 ] ::1 /www.shop11.com/Public/Uploads/Note/2020-09-11/5f5a628eb4436.jpg
INFO: [ app_init ] --START--
INFO: Run Behavior\BuildLiteBehavior [ RunTime:0.000064s ]
INFO: [ app_init ] --END-- [ RunTime:0.002119s ]
ERR: 无法加载模块:Public

[ 2020-09-11T02:01:40+08:00 ] ::1 /www.shop11.com/Public/Uploads/Note/2020-09-10/big_5f5a18437017b.jpg
INFO: [ app_init ] --START--
INFO: Run Behavior\BuildLiteBehavior [ RunTime:0.000022s ]
INFO: [ app_init ] --END-- [ RunTime:0.000618s ]
ERR: 无法加载模块:Public

[ 2020-09-11T02:01:40+08:00 ] ::1 /www.shop11.com/Public/Uploads/Note/2020-09-10/5f5a15f4ce91f.jpg
INFO: [ app_init ] --START--
INFO: Run Behavior\BuildLiteBehavior [ RunTime:0.000021s ]
INFO: [ app_init ] --END-- [ RunTime:0.000592s ]
ERR: 无法加载模块:Public

[ 2020-09-11T02:09:08+08:00 ] ::1 /www.shop11.com/Public/Uploads/5f579d7d262ee.jpg
INFO: [ app_init ] --START--
INFO: Run Behavior\BuildLiteBehavior [ RunTime:0.000015s ]
INFO: [ app_init ] --END-- [ RunTime:0.000430s ]
ERR: 无法加载模块:Public

[ 2020-09-11T02:23:07+08:00 ] ::1 /www.shop11.com/Public/Uploads/Note/2020-09-11/5f5a64c90bb96.jpg
INFO: [ app_init ] --START--
INFO: Run Behavior\BuildLiteBehavior [ RunTime:0.000037s ]
INFO: [ app_init ] --END-- [ RunTime:0.001105s ]
ERR: 无法加载模块:Public

[ 2020-09-11T02:23:07+08:00 ] ::1 /www.shop11.com/Public/Uploads/Note/2020-09-11/5f5a65e0555e1.jpg
INFO: [ app_init ] --START--
INFO: Run Behavior\BuildLiteBehavior [ RunTime:0.000039s ]
INFO: [ app_init ] --END-- [ RunTime:0.000959s ]
ERR: 无法加载模块:Public

[ 2020-09-11T02:23:07+08:00 ] ::1 /www.shop11.com/Public/Uploads/Note/2020-09-11/5f5a641cd3a1d.jpg
INFO: [ app_init ] --START--
INFO: Run Behavior\BuildLiteBehavior [ RunTime:0.000032s ]
INFO: [ app_init ] --END-- [ RunTime:0.001142s ]
ERR: 无法加载模块:Public

[ 2020-09-11T02:23:07+08:00 ] ::1 /www.shop11.com/Public/Uploads/Note/2020-09-11/5f5a62f06af71.jpg
INFO: [ app_init ] --START--
INFO: Run Behavior\BuildLiteBehavior [ RunTime:0.000034s ]
INFO: [ app_init ] --END-- [ RunTime:0.000892s ]
ERR: 无法加载模块:Public

[ 2020-09-11T02:23:07+08:00 ] ::1 /www.shop11.com/Public/Uploads/Note/2020-09-11/5f5a6235c0899.jpg
INFO: [ app_init ] --START--
INFO: Run Behavior\BuildLiteBehavior [ RunTime:0.000114s ]
INFO: [ app_init ] --END-- [ RunTime:0.000908s ]
ERR: 无法加载模块:Public

[ 2020-09-11T02:23:07+08:00 ] ::1 /www.shop11.com/Public/Uploads/Note/2020-09-11/5f5a628eb4436.jpg
INFO: [ app_init ] --START--
INFO: Run Behavior\BuildLiteBehavior [ RunTime:0.000024s ]
INFO: [ app_init ] --END-- [ RunTime:0.000896s ]
ERR: 无法加载模块:Public

[ 2020-09-11T02:23:07+08:00 ] ::1 /www.shop11.com/Public/Uploads/Note/2020-09-11/5f5a61496e5e6.jpg
INFO: [ app_init ] --START--
INFO: Run Behavior\BuildLiteBehavior [ RunTime:0.000032s ]
INFO: [ app_init ] --END-- [ RunTime:0.000902s ]
ERR: 无法加载模块:Public

[ 2020-09-11T02:23:07+08:00 ] ::1 /www.shop11.com/Public/Uploads/Note/2020-09-10/big_5f5a18437017b.jpg
INFO: [ app_init ] --START--
INFO: Run Behavior\BuildLiteBehavior [ RunTime:0.000026s ]
INFO: [ app_init ] --END-- [ RunTime:0.000889s ]
ERR: 无法加载模块:Public

[ 2020-09-11T02:29:11+08:00 ] ::1 /www.shop11.com/Public/Uploads/Note/2020-09-11/opp5f5a707287c62.jpg
INFO: [ app_init ] --START--
INFO: Run Behavior\BuildLiteBehavior [ RunTime:0.000031s ]
INFO: [ app_init ] --END-- [ RunTime:0.000775s ]
ERR: 无法加载模块:Public

[ 2020-09-11T02:29:11+08:00 ] ::1 /www.shop11.com/Public/Uploads/Note/2020-09-11/5f5a64c90bb96.jpg
INFO: [ app_init ] --START--
INFO: Run Behavior\BuildLiteBehavior [ RunTime:0.000033s ]
INFO: [ app_init ] --END-- [ RunTime:0.000829s ]
ERR: 无法加载模块:Public

[ 2020-09-11T02:29:11+08:00 ] ::1 /www.shop11.com/Public/Uploads/Note/2020-09-11/5f5a641cd3a1d.jpg
INFO: [ app_init ] --START--
INFO: Run Behavior\BuildLiteBehavior [ RunTime:0.000033s ]
INFO: [ app_init ] --END-- [ RunTime:0.001022s ]
ERR: 无法加载模块:Public

[ 2020-09-11T02:29:11+08:00 ] ::1 /www.shop11.com/Public/Uploads/Note/2020-09-11/5f5a628eb4436.jpg
INFO: [ app_init ] --START--
INFO: Run Behavior\BuildLiteBehavior [ RunTime:0.000027s ]
INFO: [ app_init ] --END-- [ RunTime:0.000826s ]
ERR: 无法加载模块:Public

[ 2020-09-11T02:29:11+08:00 ] ::1 /www.shop11.com/Public/Uploads/Note/2020-09-11/5f5a65e0555e1.jpg
INFO: [ app_init ] --START--
INFO: Run Behavior\BuildLiteBehavior [ RunTime:0.000028s ]
INFO: [ app_init ] --END-- [ RunTime:0.000823s ]
ERR: 无法加载模块:Public

[ 2020-09-11T02:29:11+08:00 ] ::1 /www.shop11.com/Public/Uploads/Note/2020-09-11/5f5a62f06af71.jpg
INFO: [ app_init ] --START--
INFO: Run Behavior\BuildLiteBehavior [ RunTime:0.000028s ]
INFO: [ app_init ] --END-- [ RunTime:0.000817s ]
ERR: 无法加载模块:Public

[ 2020-09-11T02:42:06+08:00 ] ::1 /www.shop11.com/Public/Uploads/Note/2020-09-11/big_5f5a73798c30f.jpg
INFO: [ app_init ] --START--
INFO: Run Behavior\BuildLiteBehavior [ RunTime:0.000032s ]
INFO: [ app_init ] --END-- [ RunTime:0.000910s ]
ERR: 无法加载模块:Public

[ 2020-09-11T02:42:06+08:00 ] ::1 /www.shop11.com/Public/Uploads/Note/2020-09-11/opp5f5a707287c62.jpg
INFO: [ app_init ] --START--
INFO: Run Behavior\BuildLiteBehavior [ RunTime:0.000025s ]
INFO: [ app_init ] --END-- [ RunTime:0.000695s ]
ERR: 无法加载模块:Public

[ 2020-09-11T02:42:06+08:00 ] ::1 /www.shop11.com/Public/Uploads/Note/2020-09-11/5f5a65e0555e1.jpg
INFO: [ app_init ] --START--
INFO: Run Behavior\BuildLiteBehavior [ RunTime:0.000034s ]
INFO: [ app_init ] --END-- [ RunTime:0.000934s ]
ERR: 无法加载模块:Public

[ 2020-09-11T02:51:04+08:00 ] ::1 /www.shop11.com/Public/Uploads/Note/2020-09-11/big_5f5a73798c30f.jpg
INFO: [ app_init ] --START--
INFO: Run Behavior\BuildLiteBehavior [ RunTime:0.000035s ]
INFO: [ app_init ] --END-- [ RunTime:0.001024s ]
ERR: 无法加载模块:Public

[ 2020-09-11T02:51:04+08:00 ] ::1 /www.shop11.com/Public/Uploads/Note/2020-09-11/opp5f5a707287c62.jpg
INFO: [ app_init ] --START--
INFO: Run Behavior\BuildLiteBehavior [ RunTime:0.000081s ]
INFO: [ app_init ] --END-- [ RunTime:0.001448s ]
ERR: 无法加载模块:Public

[ 2020-09-11T03:00:58+08:00 ] ::1 /www.shop11.com/Public/Uploads/Note/2020-09-11/big_5f5a73798c30f.jpg
INFO: [ app_init ] --START--
INFO: Run Behavior\BuildLiteBehavior [ RunTime:0.000019s ]
INFO: [ app_init ] --END-- [ RunTime:0.000518s ]
ERR: 无法加载模块:Public

[ 2020-09-11T03:00:58+08:00 ] ::1 /www.shop11.com/Public/Uploads/Note/2020-09-11/opp5f5a707287c62.jpg
INFO: [ app_init ] --START--
INFO: Run Behavior\BuildLiteBehavior [ RunTime:0.000028s ]
INFO: [ app_init ] --END-- [ RunTime:0.000825s ]
ERR: 无法加载模块:Public

[ 2020-09-11T03:02:34+08:00 ] ::1 /www.shop11.com/Public/Uploads/Note/2020-09-11/big_5f5a73798c30f.jpg
INFO: [ app_init ] --START--
INFO: Run Behavior\BuildLiteBehavior [ RunTime:0.000039s ]
INFO: [ app_init ] --END-- [ RunTime:0.000704s ]
ERR: 无法加载模块:Public

[ 2020-09-11T03:05:28+08:00 ] ::1 /www.shop11.com/Public/Uploads/Note/2020-09-11/big_5f5a73798c30f.jpg
INFO: [ app_init ] --START--
INFO: Run Behavior\BuildLiteBehavior [ RunTime:0.000028s ]
INFO: [ app_init ] --END-- [ RunTime:0.000838s ]
ERR: 无法加载模块:Public

[ 2020-09-11T03:13:35+08:00 ] ::1 /www.shop11.com/Public/Uploads/Note/2020-09-11/big_5f5a73798c30f.jpg
INFO: [ app_init ] --START--
INFO: Run Behavior\BuildLiteBehavior [ RunTime:0.000021s ]
INFO: [ app_init ] --END-- [ RunTime:0.000607s ]
ERR: 无法加载模块:Public

[ 2020-09-11T16:37:08+08:00 ] ::1 /www.shop11.com/Public/Uploads/Note/2020-09-11/opp5f5a707287c62.jpg
INFO: [ app_init ] --START--
INFO: Run Behavior\BuildLiteBehavior [ RunTime:0.000023s ]
INFO: [ app_init ] --END-- [ RunTime:0.000659s ]
ERR: 无法加载模块:Public

[ 2020-09-11T16:37:08+08:00 ] ::1 /www.shop11.com/Public/Uploads/Note/2020-09-11/big_5f5a73798c30f.jpg
INFO: [ app_init ] --START--
INFO: Run Behavior\BuildLiteBehavior [ RunTime:0.000039s ]
INFO: [ app_init ] --END-- [ RunTime:0.001200s ]
ERR: 无法加载模块:Public

[ 2020-09-11T16:53:48+08:00 ] ::1 /www.shop11.com/Public/Uploads/()
INFO: [ app_init ] --START--
INFO: Run Behavior\BuildLiteBehavior [ RunTime:0.000016s ]
INFO: [ app_init ] --END-- [ RunTime:0.000449s ]
ERR: 无法加载模块:Public

[ 2020-09-11T20:51:51+08:00 ] ::1 /www.shop11.com/Public/Uploads/Note/2020-09-11/big_5f5b729470a25.jpg
INFO: [ app_init ] --START--
INFO: Run Behavior\BuildLiteBehavior [ RunTime:0.000026s ]
INFO: [ app_init ] --END-- [ RunTime:0.000762s ]
ERR: 无法加载模块:Public

[ 2020-09-11T20:51:51+08:00 ] ::1 /www.shop11.com/Public/Uploads/Note/2020-09-11/big_5f5b72e201b0b.jpg
INFO: [ app_init ] --START--
INFO: Run Behavior\BuildLiteBehavior [ RunTime:0.000038s ]
INFO: [ app_init ] --END-- [ RunTime:0.001063s ]
ERR: 无法加载模块:Public

[ 2020-09-11T20:56:29+08:00 ] ::1 /www.shop11.com/Public/Uploads/Note/2020-09-11/big_5f5b72e201b0b.jpg
INFO: [ app_init ] --START--
INFO: Run Behavior\BuildLiteBehavior [ RunTime:0.000035s ]
INFO: [ app_init ] --END-- [ RunTime:0.001258s ]
ERR: 无法加载模块:Public

[ 2020-09-11T21:06:06+08:00 ] ::1 /www.shop11.com/Public/Uploads/Note/2020-09-11/big_5f5b72e201b0b.jpg
INFO: [ app_init ] --START--
INFO: Run Behavior\BuildLiteBehavior [ RunTime:0.000047s ]
INFO: [ app_init ] --END-- [ RunTime:0.001138s ]
ERR: 无法加载模块:Public

[ 2020-09-11T21:06:06+08:00 ] ::1 /www.shop11.com/Public/Uploads/Note/2020-09-11/big_5f5b729470a25.jpg
INFO: [ app_init ] --START--
INFO: Run Behavior\BuildLiteBehavior [ RunTime:0.000032s ]
INFO: [ app_init ] --END-- [ RunTime:0.000978s ]
ERR: 无法加载模块:Public

[ 2020-09-11T21:09:22+08:00 ] ::1 /www.shop11.com/Public/Uploads/Note/2020-09-11/big_5f5b72e201b0b.jpg
INFO: [ app_init ] --START--
INFO: Run Behavior\BuildLiteBehavior [ RunTime:0.000031s ]
INFO: [ app_init ] --END-- [ RunTime:0.000705s ]
ERR: 无法加载模块:Public

[ 2020-09-11T21:09:22+08:00 ] ::1 /www.shop11.com/Public/Uploads/Note/2020-09-11/big_5f5b729470a25.jpg
INFO: [ app_init ] --START--
INFO: Run Behavior\BuildLiteBehavior [ RunTime:0.000042s ]
INFO: [ app_init ] --END-- [ RunTime:0.001073s ]
ERR: 无法加载模块:Public

[ 2020-09-11T21:09:22+08:00 ] ::1 /www.shop11.com/Public/Uploads/Note/2020-09-11//big_/5f5b683e8edf9.jpg
INFO: [ app_init ] --START--
INFO: Run Behavior\BuildLiteBehavior [ RunTime:0.000030s ]
INFO: [ app_init ] --END-- [ RunTime:0.000832s ]
ERR: 无法加载模块:Public

[ 2020-09-11T21:09:22+08:00 ] ::1 /www.shop11.com/Public/Uploads/Note/2020-09-11//big_/5f5b675f24fa6.jpg
INFO: [ app_init ] --START--
INFO: Run Behavior\BuildLiteBehavior [ RunTime:0.000042s ]
INFO: [ app_init ] --END-- [ RunTime:0.000719s ]
ERR: 无法加载模块:Public

[ 2020-09-11T21:11:56+08:00 ] ::1 /www.shop11.com/Public/Uploads/Note/2020-09-11//big_/5f5b683e8edf9.jpg
INFO: [ app_init ] --START--
INFO: Run Behavior\BuildLiteBehavior [ RunTime:0.000026s ]
INFO: [ app_init ] --END-- [ RunTime:0.000806s ]
ERR: 无法加载模块:Public

[ 2020-09-11T21:11:56+08:00 ] ::1 /www.shop11.com/Public/Uploads/Note/2020-09-11//big_/5f5b675f24fa6.jpg
INFO: [ app_init ] --START--
INFO: Run Behavior\BuildLiteBehavior [ RunTime:0.000034s ]
INFO: [ app_init ] --END-- [ RunTime:0.000758s ]
ERR: 无法加载模块:Public

[ 2020-09-11T21:11:56+08:00 ] ::1 /www.shop11.com/Public/Uploads/Note/2020-09-11/big_5f5b7797ad246.jpg
INFO: [ app_init ] --START--
INFO: Run Behavior\BuildLiteBehavior [ RunTime:0.000035s ]
INFO: [ app_init ] --END-- [ RunTime:0.000938s ]
ERR: 无法加载模块:Public

[ 2020-09-11T21:11:56+08:00 ] ::1 /www.shop11.com/Public/Uploads/Note/2020-09-11/big_5f5b729470a25.jpg
INFO: [ app_init ] --START--
INFO: Run Behavior\BuildLiteBehavior [ RunTime:0.000021s ]
INFO: [ app_init ] --END-- [ RunTime:0.000679s ]
ERR: 无法加载模块:Public

[ 2020-09-11T21:11:56+08:00 ] ::1 /www.shop11.com/Public/Uploads/Note/2020-09-11/big_5f5b72e201b0b.jpg
INFO: [ app_init ] --START--
INFO: Run Behavior\BuildLiteBehavior [ RunTime:0.000029s ]
INFO: [ app_init ] --END-- [ RunTime:0.001315s ]
ERR: 无法加载模块:Public

[ 2020-09-11T23:05:23+08:00 ] ::1 /www.shop11.com/Public/Uploads/Note/2020-09-11/big_5f5b7797ad246.jpg
INFO: [ app_init ] --START--
INFO: Run Behavior\BuildLiteBehavior [ RunTime:0.000093s ]
INFO: [ app_init ] --END-- [ RunTime:0.001411s ]
ERR: 无法加载模块:Public

[ 2020-09-11T23:05:23+08:00 ] ::1 /www.shop11.com/Public/Uploads/Note/2020-09-11/big_5f5b72e201b0b.jpg
INFO: [ app_init ] --START--
INFO: Run Behavior\BuildLiteBehavior [ RunTime:0.000032s ]
INFO: [ app_init ] --END-- [ RunTime:0.000997s ]
ERR: 无法加载模块:Public

[ 2020-09-11T23:10:08+08:00 ] ::1 /www.shop11.com/Public/Uploads/Note/2020-09-11/big_5f5b7797ad246.jpg
INFO: [ app_init ] --START--
INFO: Run Behavior\BuildLiteBehavior [ RunTime:0.000039s ]
INFO: [ app_init ] --END-- [ RunTime:0.001048s ]
ERR: 无法加载模块:Public

