[ 2020-09-19T00:27:16+08:00 ] ::1 /www.shop11.com/index.php/www.shop11.com/Home/Note/add.html
INFO: [ app_init ] --START--
INFO: Run Behavior\BuildLiteBehavior [ RunTime:0.000014s ]
INFO: [ app_init ] --END-- [ RunTime:0.000689s ]
ERR: 无法加载模块:Www.shop11.com

[ 2020-09-19T00:29:10+08:00 ] ::1 /www.shop11.com/index.php/www.shop11.com/Home/Note/add.html
INFO: [ app_init ] --START--
INFO: Run Behavior\BuildLiteBehavior [ RunTime:0.000014s ]
INFO: [ app_init ] --END-- [ RunTime:0.000465s ]
ERR: 无法加载模块:Www.shop11.com

[ 2020-09-19T00:34:44+08:00 ] ::1 /www.shop11.com/index.php/www.shop11.com/Home/Note/add.html
INFO: [ app_init ] --START--
INFO: Run Behavior\BuildLiteBehavior [ RunTime:0.000019s ]
INFO: [ app_init ] --END-- [ RunTime:0.000463s ]
ERR: 无法加载模块:Www.shop11.com

[ 2020-09-19T00:37:29+08:00 ] ::1 /www.shop11.com/index.php/www.shop11.com/Home/Note/add.html
INFO: [ app_init ] --START--
INFO: Run Behavior\BuildLiteBehavior [ RunTime:0.000014s ]
INFO: [ app_init ] --END-- [ RunTime:0.000459s ]
ERR: 无法加载模块:Www.shop11.com

[ 2020-09-19T00:37:52+08:00 ] ::1 /www.shop11.com/index.php/www.shop11.com/Home/Note/add.html
INFO: [ app_init ] --START--
INFO: Run Behavior\BuildLiteBehavior [ RunTime:0.000014s ]
INFO: [ app_init ] --END-- [ RunTime:0.000454s ]
ERR: 无法加载模块:Www.shop11.com

[ 2020-09-19T00:37:54+08:00 ] ::1 /www.shop11.com/index.php/www.shop11.com/Home/Note/add.html
INFO: [ app_init ] --START--
INFO: Run Behavior\BuildLiteBehavior [ RunTime:0.000017s ]
INFO: [ app_init ] --END-- [ RunTime:0.000594s ]
ERR: 无法加载模块:Www.shop11.com

[ 2020-09-19T00:37:55+08:00 ] ::1 /www.shop11.com/index.php/www.shop11.com/Home/Note/add.html
INFO: [ app_init ] --START--
INFO: Run Behavior\BuildLiteBehavior [ RunTime:0.000013s ]
INFO: [ app_init ] --END-- [ RunTime:0.000432s ]
ERR: 无法加载模块:Www.shop11.com

