[ 2020-09-15T23:58:18+08:00 ] ::1 /www.shop11.com/Home-Note-add
INFO: [ app_init ] --START--
INFO: Run Behavior\BuildLiteBehavior [ RunTime:0.000014s ]
INFO: [ app_init ] --END-- [ RunTime:0.000348s ]
ERR: 无法加载模块:Home-Note-add

[ 2020-09-15T23:58:36+08:00 ] ::1 /www.shop11.com/Home-Note-add
INFO: [ app_init ] --START--
INFO: Run Behavior\BuildLiteBehavior [ RunTime:0.000012s ]
INFO: [ app_init ] --END-- [ RunTime:0.000331s ]
ERR: 无法加载模块:Home-Note-add

[ 2020-09-15T23:59:54+08:00 ] ::1 /www.shop11.com/Home-Note-add
INFO: [ app_init ] --START--
INFO: Run Behavior\BuildLiteBehavior [ RunTime:0.000014s ]
INFO: [ app_init ] --END-- [ RunTime:0.000437s ]
ERR: 无法加载模块:Home-Note-add

[ 2020-09-15T23:59:59+08:00 ] ::1 /www.shop11.com/Home-Note-add
INFO: [ app_init ] --START--
INFO: Run Behavior\BuildLiteBehavior [ RunTime:0.000036s ]
INFO: [ app_init ] --END-- [ RunTime:0.000605s ]
ERR: 无法加载模块:Home-Note-add

