[ 2020-09-13T01:58:14+08:00 ] 127.0.0.1 /www.shop11.com/Public/Uploads/Note/2020-09-11/big_5f5b72e201b0b.jpg
INFO: [ app_init ] --START--
INFO: Run Behavior\BuildLiteBehavior [ RunTime:0.000035s ]
INFO: [ app_init ] --END-- [ RunTime:0.000899s ]
ERR: 无法加载模块:Public

[ 2020-09-13T01:58:14+08:00 ] 127.0.0.1 /www.shop11.com/Public/Uploads/Note/2020-09-11/big_5f5b729470a25.jpg
INFO: [ app_init ] --START--
INFO: Run Behavior\BuildLiteBehavior [ RunTime:0.000026s ]
INFO: [ app_init ] --END-- [ RunTime:0.000817s ]
ERR: 无法加载模块:Public

[ 2020-09-13T22:55:41+08:00 ] 127.0.0.1 /www.shop11.com/Public/Uploads/Note/2020-09-11/big_5f5a73798c30f.jpg
INFO: [ app_init ] --START--
INFO: Run Behavior\BuildLiteBehavior [ RunTime:0.000021s ]
INFO: [ app_init ] --END-- [ RunTime:0.000616s ]
ERR: 无法加载模块:Public

[ 2020-09-13T22:55:41+08:00 ] 127.0.0.1 /www.shop11.com/Public/Uploads/Note/2020-09-11/opp5f5a707287c62.jpg
INFO: [ app_init ] --START--
INFO: Run Behavior\BuildLiteBehavior [ RunTime:0.000014s ]
INFO: [ app_init ] --END-- [ RunTime:0.000517s ]
ERR: 无法加载模块:Public

[ 2020-09-13T22:55:56+08:00 ] 127.0.0.1 /www.shop11.com/Public/Uploads/Note/2020-09-11/big_5f5a73798c30f.jpg
INFO: [ app_init ] --START--
INFO: Run Behavior\BuildLiteBehavior [ RunTime:0.000064s ]
INFO: [ app_init ] --END-- [ RunTime:0.001470s ]
ERR: 无法加载模块:Public

[ 2020-09-13T22:55:56+08:00 ] 127.0.0.1 /www.shop11.com/Public/Uploads/Note/2020-09-11/opp5f5a707287c62.jpg
INFO: [ app_init ] --START--
INFO: Run Behavior\BuildLiteBehavior [ RunTime:0.000021s ]
INFO: [ app_init ] --END-- [ RunTime:0.000789s ]
ERR: 无法加载模块:Public

