[ 2020-09-16T00:00:11+08:00 ] ::1 /www.shop11.com/Home-Note-add
INFO: [ app_init ] --START--
INFO: Run Behavior\BuildLiteBehavior [ RunTime:0.000013s ]
INFO: [ app_init ] --END-- [ RunTime:0.000332s ]
ERR: 无法加载模块:Home-Note-add

[ 2020-09-16T00:01:35+08:00 ] ::1 /www.shop11.com/Home-Note-add
INFO: [ app_init ] --START--
INFO: Run Behavior\BuildLiteBehavior [ RunTime:0.000012s ]
INFO: [ app_init ] --END-- [ RunTime:0.000340s ]
ERR: 无法加载模块:Home-Note-add

[ 2020-09-16T00:02:19+08:00 ] ::1 /www.shop11.com/Home-Note-add
INFO: [ app_init ] --START--
INFO: Run Behavior\BuildLiteBehavior [ RunTime:0.000012s ]
INFO: [ app_init ] --END-- [ RunTime:0.000329s ]
ERR: 无法加载模块:Home-Note-add

[ 2020-09-16T00:22:10+08:00 ] ::1 /www.shop11.com/Home-Note-add.html
INFO: [ app_init ] --START--
INFO: Run Behavior\BuildLiteBehavior [ RunTime:0.000015s ]
INFO: [ app_init ] --END-- [ RunTime:0.000473s ]
ERR: 无法加载模块:Home-Note-add

[ 2020-09-16T00:22:46+08:00 ] ::1 /www.shop11.com/index.php/Home-Note-add.html
INFO: [ app_init ] --START--
INFO: Run Behavior\BuildLiteBehavior [ RunTime:0.000013s ]
INFO: [ app_init ] --END-- [ RunTime:0.000336s ]
ERR: 无法加载模块:Home-Note-add

[ 2020-09-16T00:23:10+08:00 ] ::1 /www.shop11.com/index.php/Home-Note-add.html
INFO: [ app_init ] --START--
INFO: Run Behavior\BuildLiteBehavior [ RunTime:0.000014s ]
INFO: [ app_init ] --END-- [ RunTime:0.000369s ]
ERR: 无法加载模块:Home-Note-add

[ 2020-09-16T00:23:24+08:00 ] ::1 /www.shop11.com/index.php/Home@Note@add.html
INFO: [ app_init ] --START--
INFO: Run Behavior\BuildLiteBehavior [ RunTime:0.000013s ]
INFO: [ app_init ] --END-- [ RunTime:0.000333s ]
ERR: 无法加载模块:Home@Note@add

[ 2020-09-16T00:28:49+08:00 ] ::1 /www.shop11.com/index.php/Home@Note@add.html
INFO: [ app_init ] --START--
INFO: Run Behavior\BuildLiteBehavior [ RunTime:0.000015s ]
INFO: [ app_init ] --END-- [ RunTime:0.000473s ]
ERR: 无法加载模块:Home@Note@add

[ 2020-09-16T00:28:57+08:00 ] ::1 /www.shop11.com/index.php/Home-Note-add.html
INFO: [ app_init ] --START--
INFO: Run Behavior\BuildLiteBehavior [ RunTime:0.000013s ]
INFO: [ app_init ] --END-- [ RunTime:0.000338s ]
ERR: 无法加载模块:Home-Note-add

[ 2020-09-16T00:32:13+08:00 ] ::1 /www.shop11.com/index.php/Home-Note-add.html
INFO: [ app_init ] --START--
INFO: Run Behavior\BuildLiteBehavior [ RunTime:0.000018s ]
INFO: [ app_init ] --END-- [ RunTime:0.000548s ]
ERR: 无法加载模块:Home-Note-add

[ 2020-09-16T00:32:22+08:00 ] ::1 /www.shop11.com/index.php/Home-Note-add.html
INFO: [ app_init ] --START--
INFO: Run Behavior\BuildLiteBehavior [ RunTime:0.000020s ]
INFO: [ app_init ] --END-- [ RunTime:0.000830s ]
ERR: 无法加载模块:Home-Note-add

[ 2020-09-16T00:32:28+08:00 ] ::1 /www.shop11.com/index.php/Home-Note-add
INFO: [ app_init ] --START--
INFO: Run Behavior\BuildLiteBehavior [ RunTime:0.000013s ]
INFO: [ app_init ] --END-- [ RunTime:0.000334s ]
ERR: 无法加载模块:Home-Note-add

[ 2020-09-16T18:08:02+08:00 ] ::1 /www.shop11.com/index.php/Home-Note-add.html
INFO: [ app_init ] --START--
INFO: Run Behavior\BuildLiteBehavior [ RunTime:0.000020s ]
INFO: [ app_init ] --END-- [ RunTime:0.000940s ]
ERR: 无法加载模块:Home-Note-add

[ 2020-09-16T18:08:06+08:00 ] ::1 /www.shop11.com/index.php/Home-Note-add.html
INFO: [ app_init ] --START--
INFO: Run Behavior\BuildLiteBehavior [ RunTime:0.000012s ]
INFO: [ app_init ] --END-- [ RunTime:0.000410s ]
ERR: 无法加载模块:Home-Note-add

[ 2020-09-16T18:09:12+08:00 ] ::1 /www.shop11.com/index.php/Home-Note-add.html
INFO: [ app_init ] --START--
INFO: Run Behavior\BuildLiteBehavior [ RunTime:0.000018s ]
INFO: [ app_init ] --END-- [ RunTime:0.000583s ]
ERR: 无法加载模块:Home-Note-add

[ 2020-09-16T18:10:11+08:00 ] ::1 /www.shop11.com/index.php/Home-Note-add.html
INFO: [ app_init ] --START--
INFO: Run Behavior\BuildLiteBehavior [ RunTime:0.000034s ]
INFO: [ app_init ] --END-- [ RunTime:0.001146s ]
ERR: 无法加载模块:Home-Note-add

[ 2020-09-16T18:10:14+08:00 ] ::1 /www.shop11.com/index.php/Home-Note-add.html
INFO: [ app_init ] --START--
INFO: Run Behavior\BuildLiteBehavior [ RunTime:0.000024s ]
INFO: [ app_init ] --END-- [ RunTime:0.000651s ]
ERR: 无法加载模块:Home-Note-add

[ 2020-09-16T18:10:44+08:00 ] ::1 /www.shop11.com/index.php/Home-Note-add.html
INFO: [ app_init ] --START--
INFO: Run Behavior\BuildLiteBehavior [ RunTime:0.000016s ]
INFO: [ app_init ] --END-- [ RunTime:0.000430s ]
ERR: 无法加载模块:Home-Note-add

[ 2020-09-16T18:10:47+08:00 ] ::1 /www.shop11.com/index.php/Home-Note-add.html
INFO: [ app_init ] --START--
INFO: Run Behavior\BuildLiteBehavior [ RunTime:0.000016s ]
INFO: [ app_init ] --END-- [ RunTime:0.000387s ]
ERR: 无法加载模块:Home-Note-add

[ 2020-09-16T18:11:05+08:00 ] ::1 /www.shop11.com/index.php/Home-Note-add.html
INFO: [ app_init ] --START--
INFO: Run Behavior\BuildLiteBehavior [ RunTime:0.000016s ]
INFO: [ app_init ] --END-- [ RunTime:0.000407s ]
ERR: 无法加载模块:Home-Note-add

[ 2020-09-16T18:15:35+08:00 ] ::1 /www.shop11.com/index.php/Home@Note@add.html
INFO: [ app_init ] --START--
INFO: Run Behavior\BuildLiteBehavior [ RunTime:0.000017s ]
INFO: [ app_init ] --END-- [ RunTime:0.000506s ]
ERR: 无法加载模块:Home@Note@add

[ 2020-09-16T18:16:41+08:00 ] ::1 /www.shop11.com/Index.php/Home-Note-add.html
INFO: [ app_init ] --START--
INFO: Run Behavior\BuildLiteBehavior [ RunTime:0.000013s ]
INFO: [ app_init ] --END-- [ RunTime:0.000351s ]
ERR: 无法加载模块:Home-Note-add

[ 2020-09-16T18:16:52+08:00 ] ::1 /www.shop11.com/Index.php/Home-Note-add
INFO: [ app_init ] --START--
INFO: Run Behavior\BuildLiteBehavior [ RunTime:0.000015s ]
INFO: [ app_init ] --END-- [ RunTime:0.000364s ]
ERR: 无法加载模块:Home-Note-add

[ 2020-09-16T18:43:28+08:00 ] ::1 /www.shop11.com/Index.php/Home-Note-add
INFO: [ app_init ] --START--
INFO: Run Behavior\BuildLiteBehavior [ RunTime:0.000016s ]
INFO: [ app_init ] --END-- [ RunTime:0.000493s ]
ERR: 无法加载模块:Home-Note-add

[ 2020-09-16T18:43:41+08:00 ] ::1 /www.shop11.com/Index.php/Home-Note-add
INFO: [ app_init ] --START--
INFO: Run Behavior\BuildLiteBehavior [ RunTime:0.000030s ]
INFO: [ app_init ] --END-- [ RunTime:0.000648s ]
ERR: 无法加载模块:Home-Note-add

[ 2020-09-16T18:44:40+08:00 ] ::1 /www.shop11.com/Index.php/Home-Note-add
INFO: [ app_init ] --START--
INFO: Run Behavior\BuildLiteBehavior [ RunTime:0.000016s ]
INFO: [ app_init ] --END-- [ RunTime:0.000414s ]
ERR: 无法加载模块:Home-Note-add

[ 2020-09-16T18:45:49+08:00 ] ::1 /www.shop11.com/Index.php/Home-Note-add
INFO: [ app_init ] --START--
INFO: Run Behavior\BuildLiteBehavior [ RunTime:0.000014s ]
INFO: [ app_init ] --END-- [ RunTime:0.000448s ]
ERR: 无法加载模块:Home-Note-add

[ 2020-09-16T18:45:52+08:00 ] ::1 /www.shop11.com/Index.php/Home-Note-add
INFO: [ app_init ] --START--
INFO: Run Behavior\BuildLiteBehavior [ RunTime:0.000016s ]
INFO: [ app_init ] --END-- [ RunTime:0.000357s ]
ERR: 无法加载模块:Home-Note-add

[ 2020-09-16T20:32:16+08:00 ] ::1 /www.shop11.com/Index.php/Home-Note-add
INFO: [ app_init ] --START--
INFO: Run Behavior\BuildLiteBehavior [ RunTime:0.000028s ]
INFO: [ app_init ] --END-- [ RunTime:0.000844s ]
ERR: 无法加载模块:Home-Note-add

[ 2020-09-16T21:27:00+08:00 ] ::1 /www.shop11.com/Index.php/Home-Note-lst
INFO: [ app_init ] --START--
INFO: Run Behavior\BuildLiteBehavior [ RunTime:0.000015s ]
INFO: [ app_init ] --END-- [ RunTime:0.000482s ]
ERR: 无法加载模块:Home-Note-lst

[ 2020-09-16T21:27:19+08:00 ] ::1 /www.shop11.com/Index.php/Home-Note-lst
INFO: [ app_init ] --START--
INFO: Run Behavior\BuildLiteBehavior [ RunTime:0.000014s ]
INFO: [ app_init ] --END-- [ RunTime:0.000367s ]
ERR: 无法加载模块:Home-Note-lst

[ 2020-09-16T21:27:28+08:00 ] ::1 /www.shop11.com/Index.php/Home-Note-lst
INFO: [ app_init ] --START--
INFO: Run Behavior\BuildLiteBehavior [ RunTime:0.000014s ]
INFO: [ app_init ] --END-- [ RunTime:0.000373s ]
ERR: 无法加载模块:Home-Note-lst

[ 2020-09-16T21:30:24+08:00 ] ::1 /www.shop11.com/Index.php/Home-Note-lst
INFO: [ app_init ] --START--
INFO: Run Behavior\BuildLiteBehavior [ RunTime:0.000013s ]
INFO: [ app_init ] --END-- [ RunTime:0.000436s ]
ERR: 无法加载模块:Home-Note-lst

[ 2020-09-16T21:30:35+08:00 ] ::1 /www.shop11.com/Index.php/Home-Note-lst
INFO: [ app_init ] --START--
INFO: Run Behavior\BuildLiteBehavior [ RunTime:0.000030s ]
INFO: [ app_init ] --END-- [ RunTime:0.001324s ]
ERR: 无法加载模块:Home-Note-lst

[ 2020-09-16T22:03:47+08:00 ] ::1 /www.shop11.com/Index.php/Home-Note-lst
INFO: [ app_init ] --START--
INFO: Run Behavior\BuildLiteBehavior [ RunTime:0.000014s ]
INFO: [ app_init ] --END-- [ RunTime:0.000453s ]
ERR: 无法加载模块:Home-Note-lst

[ 2020-09-16T22:29:52+08:00 ] ::1 /www.shop11.com/Index.php/Home-Note-lst
INFO: [ app_init ] --START--
INFO: Run Behavior\BuildLiteBehavior [ RunTime:0.000025s ]
INFO: [ app_init ] --END-- [ RunTime:0.001045s ]
ERR: 无法加载模块:Home-Note-lst

[ 2020-09-16T22:29:55+08:00 ] ::1 /www.shop11.com/Index.php/Home-Note-lst
INFO: [ app_init ] --START--
INFO: Run Behavior\BuildLiteBehavior [ RunTime:0.000014s ]
INFO: [ app_init ] --END-- [ RunTime:0.000353s ]
ERR: 无法加载模块:Home-Note-lst

[ 2020-09-16T22:30:13+08:00 ] ::1 /www.shop11.com/Index.php/Home-Note-lst
INFO: [ app_init ] --START--
INFO: Run Behavior\BuildLiteBehavior [ RunTime:0.000019s ]
INFO: [ app_init ] --END-- [ RunTime:0.000522s ]
ERR: 无法加载模块:Home-Note-lst

